[    0.000000] Initializing cgroup subsys cpuset
[    0.000000] Initializing cgroup subsys cpu
[    0.000000] Initializing cgroup subsys cpuacct
[    0.000000] Linux version 4.4.0-142-generic (buildd@lgw01-amd64-033) (gcc version 5.4.0 20160609 (Ubuntu 5.4.0-6ubuntu1~16.04.10) ) #168-Ubuntu SMP Wed Jan 16 21:00:45 UTC 2019 (Ubuntu 4.4.0-142.168-generic 4.4.167)
[    0.000000] Command line: BOOT_IMAGE=/boot/vmlinuz-4.4.0-142-generic root=LABEL=cloudimg-rootfs ro console=tty1 console=ttyS0
[    0.000000] KERNEL supported cpus:
[    0.000000]   Intel GenuineIntel
[    0.000000]   AMD AuthenticAMD
[    0.000000]   Centaur CentaurHauls
[    0.000000] x86/fpu: Legacy x87 FPU detected.
[    0.000000] e820: BIOS-provided physical RAM map:
[    0.000000] BIOS-e820: [mem 0x0000000000000000-0x000000000009fbff] usable
[    0.000000] BIOS-e820: [mem 0x000000000009fc00-0x000000000009ffff] reserved
[    0.000000] BIOS-e820: [mem 0x00000000000f0000-0x00000000000fffff] reserved
[    0.000000] BIOS-e820: [mem 0x0000000000100000-0x000000003ffeffff] usable
[    0.000000] BIOS-e820: [mem 0x000000003fff0000-0x000000003fffffff] ACPI data
[    0.000000] BIOS-e820: [mem 0x00000000fec00000-0x00000000fec00fff] reserved
[    0.000000] BIOS-e820: [mem 0x00000000fee00000-0x00000000fee00fff] reserved
[    0.000000] BIOS-e820: [mem 0x00000000fffc0000-0x00000000ffffffff] reserved
[    0.000000] NX (Execute Disable) protection: active
[    0.000000] SMBIOS 2.5 present.
[    0.000000] Hypervisor detected: KVM
[    0.000000] e820: last_pfn = 0x3fff0 max_arch_pfn = 0x400000000
[    0.000000] MTRR: Disabled
[    0.000000] x86/PAT: MTRRs disabled, skipping PAT initialization too.
[    0.000000] CPU MTRRs all blank - virtualized system.
[    0.000000] x86/PAT: Configuration [0-7]: WB  WT  UC- UC  WB  WT  UC- UC  
[    0.000000] found SMP MP-table at [mem 0x0009fff0-0x0009ffff] mapped at [ffff88000009fff0]
[    0.000000] Scanning 1 areas for low memory corruption
[    0.000000] RAMDISK: [mem 0x3630a000-0x3717cfff]
[    0.000000] ACPI: Early table checksum verification disabled
[    0.000000] ACPI: RSDP 0x00000000000E0000 000024 (v02 VBOX  )
[    0.000000] ACPI: XSDT 0x000000003FFF0030 00003C (v01 VBOX   VBOXXSDT 00000001 ASL  00000061)
[    0.000000] ACPI: FACP 0x000000003FFF00F0 0000F4 (v04 VBOX   VBOXFACP 00000001 ASL  00000061)
[    0.000000] ACPI: DSDT 0x000000003FFF0470 0021FF (v02 VBOX   VBOXBIOS 00000002 INTL 20180105)
[    0.000000] ACPI: FACS 0x000000003FFF0200 000040
[    0.000000] ACPI: FACS 0x000000003FFF0200 000040
[    0.000000] ACPI: APIC 0x000000003FFF0240 00005C (v02 VBOX   VBOXAPIC 00000001 ASL  00000061)
[    0.000000] ACPI: SSDT 0x000000003FFF02A0 0001CC (v01 VBOX   VBOXCPUT 00000002 INTL 20180105)
[    0.000000] No NUMA configuration found
[    0.000000] Faking a node at [mem 0x0000000000000000-0x000000003ffeffff]
[    0.000000] NODE_DATA(0) allocated [mem 0x3ffeb000-0x3ffeffff]
[    0.000000] kvm-clock: Using msrs 4b564d01 and 4b564d00
[    0.000000] kvm-clock: cpu 0, msr 0:3ffe3001, primary cpu clock
[    0.000000] kvm-clock: using sched offset of 4813051467 cycles
[    0.000000] clocksource: kvm-clock: mask: 0xffffffffffffffff max_cycles: 0x1cd42e4dffb, max_idle_ns: 881590591483 ns
[    0.000000] Zone ranges:
[    0.000000]   DMA      [mem 0x0000000000001000-0x0000000000ffffff]
[    0.000000]   DMA32    [mem 0x0000000001000000-0x000000003ffeffff]
[    0.000000]   Normal   empty
[    0.000000]   Device   empty
[    0.000000] Movable zone start for each node
[    0.000000] Early memory node ranges
[    0.000000]   node   0: [mem 0x0000000000001000-0x000000000009efff]
[    0.000000]   node   0: [mem 0x0000000000100000-0x000000003ffeffff]
[    0.000000] Initmem setup node 0 [mem 0x0000000000001000-0x000000003ffeffff]
[    0.000000] ACPI: PM-Timer IO Port: 0x4008
[    0.000000] IOAPIC[0]: apic_id 2, version 32, address 0xfec00000, GSI 0-23
[    0.000000] ACPI: INT_SRC_OVR (bus 0 bus_irq 0 global_irq 2 dfl dfl)
[    0.000000] ACPI: INT_SRC_OVR (bus 0 bus_irq 9 global_irq 9 low level)
[    0.000000] Using ACPI (MADT) for SMP configuration information
[    0.000000] smpboot: Allowing 2 CPUs, 0 hotplug CPUs
[    0.000000] PM: Registered nosave memory: [mem 0x00000000-0x00000fff]
[    0.000000] PM: Registered nosave memory: [mem 0x0009f000-0x0009ffff]
[    0.000000] PM: Registered nosave memory: [mem 0x000a0000-0x000effff]
[    0.000000] PM: Registered nosave memory: [mem 0x000f0000-0x000fffff]
[    0.000000] e820: [mem 0x40000000-0xfebfffff] available for PCI devices
[    0.000000] Booting paravirtualized kernel on KVM
[    0.000000] clocksource: refined-jiffies: mask: 0xffffffff max_cycles: 0xffffffff, max_idle_ns: 7645519600211568 ns
[    0.000000] setup_percpu: NR_CPUS:512 nr_cpumask_bits:512 nr_cpu_ids:2 nr_node_ids:1
[    0.000000] PERCPU: Embedded 34 pages/cpu @ffff88003fc00000 s99480 r8192 d31592 u1048576
[    0.000000] Built 1 zonelists in Node order, mobility grouping on.  Total pages: 257912
[    0.000000] Policy zone: DMA32
[    0.000000] Kernel command line: BOOT_IMAGE=/boot/vmlinuz-4.4.0-142-generic root=LABEL=cloudimg-rootfs ro console=tty1 console=ttyS0
[    0.000000] PID hash table entries: 4096 (order: 3, 32768 bytes)
[    0.000000] Memory: 997736K/1048120K available (8603K kernel code, 1332K rwdata, 4004K rodata, 1484K init, 1316K bss, 50384K reserved, 0K cma-reserved)
[    0.000000] SLUB: HWalign=64, Order=0-3, MinObjects=0, CPUs=2, Nodes=1
[    0.000000] Kernel/User page tables isolation: enabled
[    0.000000] Hierarchical RCU implementation.
[    0.000000] 	Build-time adjustment of leaf fanout to 64.
[    0.000000] 	RCU restricting CPUs from NR_CPUS=512 to nr_cpu_ids=2.
[    0.000000] RCU: Adjusting geometry for rcu_fanout_leaf=64, nr_cpu_ids=2
[    0.000000] NR_IRQS:33024 nr_irqs:440 16
[    0.000000] Console: colour VGA+ 80x25
[    0.000000] console [tty1] enabled
[    0.000000] console [ttyS0] enabled
[    0.000000] tsc: Detected 3166.752 MHz processor
[    0.348899] Calibrating delay loop (skipped) preset value.. 6333.50 BogoMIPS (lpj=12667008)
[    0.353446] pid_max: default: 32768 minimum: 301
[    0.355877] ACPI: Core revision 20150930
[    0.359254] ACPI: 2 ACPI AML tables successfully acquired and loaded
[    0.362674] Security Framework initialized
[    0.364928] Yama: becoming mindful.
[    0.367258] AppArmor: AppArmor initialized
[    0.369747] Dentry cache hash table entries: 131072 (order: 8, 1048576 bytes)
[    0.373936] Inode-cache hash table entries: 65536 (order: 7, 524288 bytes)
[    0.377756] Mount-cache hash table entries: 2048 (order: 2, 16384 bytes)
[    0.381186] Mountpoint-cache hash table entries: 2048 (order: 2, 16384 bytes)
[    0.385706] Initializing cgroup subsys io
[    0.387960] Initializing cgroup subsys memory
[    0.390428] Initializing cgroup subsys devices
[    0.392863] Initializing cgroup subsys freezer
[    0.395283] Initializing cgroup subsys net_cls
[    0.397748] Initializing cgroup subsys perf_event
[    0.400302] Initializing cgroup subsys net_prio
[    0.402791] Initializing cgroup subsys hugetlb
[    0.405305] Initializing cgroup subsys pids
[    0.407722] mce: CPU supports 0 MCE banks
[    0.410039] Last level iTLB entries: 4KB 128, 2MB 4, 4MB 4
[    0.412910] Last level dTLB entries: 4KB 256, 2MB 0, 4MB 32, 1GB 0
[    0.416055] Spectre V2 : Mitigation: Full generic retpoline
[    0.418963] Spectre V2 : Spectre v2 / SpectreRSB mitigation: Filling RSB on context switch
[    0.423449] Speculative Store Bypass: Vulnerable
[    0.429588] Freeing SMP alternatives memory: 32K
[    0.439688] ftrace: allocating 32277 entries in 127 pages
[    0.510140] smpboot: APIC(0) Converting physical 0 to logical package 0
[    0.513522] smpboot: Max logical packages: 1
[    0.516392] x2apic enabled
[    0.518610] Switched APIC routing to physical x2apic.
[    0.523573] ..TIMER: vector=0x30 apic1=0 pin1=2 apic2=-1 pin2=-1
[    0.633524] smpboot: CPU0: Intel(R) Core(TM)2 Duo CPU     E8500  @ 3.16GHz (family: 0x6, model: 0x17, stepping: 0x6)
[    0.639294] Performance Events: unsupported p6 CPU model 23 no PMU driver, software events only.
[    0.736586] KVM setup paravirtual spinlock
[    0.740648] x86: Booting SMP configuration:
[    0.742977] .... node  #0, CPUs:      #1
[    0.745165] kvm-clock: cpu 1, msr 0:3ffe3041, secondary cpu clock
[    0.746255] mce: CPU supports 0 MCE banks
[    0.765295] x86: Booted up 1 node, 2 CPUs
[    0.768052] smpboot: Total of 2 processors activated (12667.00 BogoMIPS)
[    0.776155] devtmpfs: initialized
[    0.790913] evm: security.selinux
[    0.793088] evm: security.SMACK64
[    0.795059] evm: security.SMACK64EXEC
[    0.801413] evm: security.SMACK64TRANSMUTE
[    0.803674] evm: security.SMACK64MMAP
[    0.805816] evm: security.ima
[    0.807575] evm: security.capability
[    0.814363] clocksource: jiffies: mask: 0xffffffff max_cycles: 0xffffffff, max_idle_ns: 7645041785100000 ns
[    0.819711] futex hash table entries: 512 (order: 3, 32768 bytes)
[    0.824059] pinctrl core: initialized pinctrl subsystem
[    0.827037] RTC time: 12:50:56, date: 02/24/19
[    0.830108] NET: Registered protocol family 16
[    0.844950] cpuidle: using governor ladder
[    0.855452] cpuidle: using governor menu
[    0.857662] PCCT header not found.
[    0.899692] ACPI: bus type PCI registered
[    0.907793] acpiphp: ACPI Hot Plug PCI Controller Driver version: 0.5
[    0.911268] PCI: Using configuration type 1 for base access
[    0.930493] ACPI: Added _OSI(Module Device)
[    0.933396] ACPI: Added _OSI(Processor Device)
[    0.935997] ACPI: Added _OSI(3.0 _SCP Extensions)
[    0.938777] ACPI: Added _OSI(Processor Aggregator Device)
[    0.942565] ACPI: Executed 1 blocks of module-level executable AML code
[    0.948759] ACPI: Interpreter enabled
[    0.950943] ACPI: (supports S0 S5)
[    0.952904] ACPI: Using IOAPIC for interrupt routing
[    0.955836] PCI: Using host bridge windows from ACPI; if necessary, use "pci=nocrs" and report a bug
[    0.965675] ACPI: PCI Root Bridge [PCI0] (domain 0000 [bus 00-ff])
[    0.968814] acpi PNP0A03:00: _OSC: OS supports [ASPM ClockPM Segments MSI]
[    0.972373] acpi PNP0A03:00: _OSC: not requesting OS control; OS requires [ExtendedConfig ASPM ClockPM MSI]
[    0.977524] acpi PNP0A03:00: fail to add MMCONFIG information, can't access extended PCI configuration space under this bridge.
[    0.984054] PCI host bridge to bus 0000:00
[    0.986403] pci_bus 0000:00: root bus resource [io  0x0000-0x0cf7 window]
[    0.989793] pci_bus 0000:00: root bus resource [io  0x0d00-0xffff window]
[    0.993135] pci_bus 0000:00: root bus resource [mem 0x000a0000-0x000bffff window]
[    0.997402] pci_bus 0000:00: root bus resource [mem 0x40000000-0xfdffffff window]
[    1.001531] pci_bus 0000:00: root bus resource [bus 00-ff]
[    1.006566] pci 0000:00:01.1: legacy IDE quirk: reg 0x10: [io  0x01f0-0x01f7]
[    1.010159] pci 0000:00:01.1: legacy IDE quirk: reg 0x14: [io  0x03f6]
[    1.013370] pci 0000:00:01.1: legacy IDE quirk: reg 0x18: [io  0x0170-0x0177]
[    1.017046] pci 0000:00:01.1: legacy IDE quirk: reg 0x1c: [io  0x0376]
[    1.059004] pci 0000:00:07.0: quirk: [io  0x4000-0x403f] claimed by PIIX4 ACPI
[    1.063219] pci 0000:00:07.0: quirk: [io  0x4100-0x410f] claimed by PIIX4 SMB
[    1.079345] ACPI: PCI Interrupt Link [LNKA] (IRQs 5 9 10 *11)
[    1.083485] ACPI: PCI Interrupt Link [LNKB] (IRQs 5 9 *10 11)
[    1.087076] ACPI: PCI Interrupt Link [LNKC] (IRQs 5 *9 10 11)
[    1.090800] ACPI: PCI Interrupt Link [LNKD] (IRQs 5 9 10 *11)
[    1.094578] ACPI: Enabled 2 GPEs in block 00 to 07
[    1.098608] vgaarb: setting as boot device: PCI:0000:00:02.0
[    1.122930] vgaarb: device added: PCI:0000:00:02.0,decodes=io+mem,owns=io+mem,locks=none
[    1.127362] vgaarb: loaded
[    1.128981] vgaarb: bridge control possible 0000:00:02.0
[    1.132589] SCSI subsystem initialized
[    1.135773] ACPI: bus type USB registered
[    1.138141] usbcore: registered new interface driver usbfs
[    1.140951] usbcore: registered new interface driver hub
[    1.144252] usbcore: registered new device driver usb
[    1.148716] PCI: Using ACPI for IRQ routing
[    1.151800] NetLabel: Initializing
[    1.153848] NetLabel:  domain hash size = 128
[    1.156163] NetLabel:  protocols = UNLABELED CIPSOv4
[    1.159559] NetLabel:  unlabeled traffic allowed by default
[    1.162994] amd_nb: Cannot enumerate AMD northbridges
[    1.196912] clocksource: Switched to clocksource kvm-clock
[    1.214048] AppArmor: AppArmor Filesystem Enabled
[    1.216665] pnp: PnP ACPI init
[    1.219463] pnp: PnP ACPI: found 3 devices
[    1.232697] clocksource: acpi_pm: mask: 0xffffff max_cycles: 0xffffff, max_idle_ns: 2085701024 ns
[    1.237494] NET: Registered protocol family 2
[    1.241055] TCP established hash table entries: 8192 (order: 4, 65536 bytes)
[    1.244599] TCP bind hash table entries: 8192 (order: 5, 131072 bytes)
[    1.248027] TCP: Hash tables configured (established 8192 bind 8192)
[    1.251310] UDP hash table entries: 512 (order: 2, 16384 bytes)
[    1.254356] UDP-Lite hash table entries: 512 (order: 2, 16384 bytes)
[    1.257664] NET: Registered protocol family 1
[    1.260036] pci 0000:00:00.0: Limiting direct PCI/PCI transfers
[    1.263052] pci 0000:00:01.0: Activating ISA DMA hang workarounds
[    1.266523] Unpacking initramfs...
[    1.508277] Freeing initrd memory: 14796K
[    1.515265] platform rtc_cmos: registered platform RTC device (no PNP device found)
[    1.519836] Scanning for low memory corruption every 60 seconds
[    1.524196] audit: initializing netlink subsys (disabled)
[    1.527381] audit: type=2000 audit(1551012663.069:1): initialized
[    1.531372] Initialise system trusted keyring
[    1.535107] HugeTLB registered 2 MB page size, pre-allocated 0 pages
[    1.542078] zbud: loaded
[    1.545355] VFS: Disk quotas dquot_6.6.0
[    1.547672] VFS: Dquot-cache hash table entries: 512 (order 0, 4096 bytes)
[    1.551445] squashfs: version 4.0 (2009/01/31) Phillip Lougher
[    1.555023] fuse init (API version 7.23)
[    1.557441] Key type big_key registered
[    1.559731] Allocating IMA MOK and blacklist keyrings.
[    1.571947] Key type asymmetric registered
[    1.574286] Asymmetric key parser 'x509' registered
[    1.576954] Block layer SCSI generic (bsg) driver version 0.4 loaded (major 249)
[    1.581827] io scheduler noop registered
[    1.583976] io scheduler deadline registered (default)
[    1.587145] io scheduler cfq registered
[    1.589707] pci_hotplug: PCI Hot Plug PCI Core version: 0.5
[    1.592577] pciehp: PCI Express Hot Plug Controller Driver version: 0.4
[    1.596419] ACPI: AC Adapter [AC] (on-line)
[    1.598980] input: Power Button as /devices/LNXSYSTM:00/LNXPWRBN:00/input/input0
[    1.603228] ACPI: Power Button [PWRF]
[    1.605751] input: Sleep Button as /devices/LNXSYSTM:00/LNXSLPBN:00/input/input1
[    1.609900] ACPI: Sleep Button [SLPF]
[    1.613147] GHES: HEST is not enabled!
[    1.615401] Serial: 8250/16550 driver, 32 ports, IRQ sharing enabled
[    1.641513] 00:02: ttyS0 at I/O 0x3f8 (irq = 4, base_baud = 115200) is a 16550A
[    1.647513] Linux agpgart interface v0.103
[    1.655861] loop: module loaded
[    1.659486] scsi host0: ata_piix
[    1.662281] scsi host1: ata_piix
[    1.664240] ata1: PATA max UDMA/33 cmd 0x1f0 ctl 0x3f6 bmdma 0xd000 irq 14
[    1.667744] ata2: PATA max UDMA/33 cmd 0x170 ctl 0x376 bmdma 0xd008 irq 15
[    1.672503] libphy: Fixed MDIO Bus: probed
[    1.674821] tun: Universal TUN/TAP device driver, 1.6
[    1.677514] tun: (C) 1999-2004 Max Krasnyansky <maxk@qualcomm.com>
[    1.680894] PPP generic driver version 2.4.2
[    1.683378] ehci_hcd: USB 2.0 'Enhanced' Host Controller (EHCI) Driver
[    1.686736] ehci-pci: EHCI PCI platform driver
[    1.689203] ehci-platform: EHCI generic platform driver
[    1.691967] ohci_hcd: USB 1.1 'Open' Host Controller (OHCI) Driver
[    1.695295] ohci-pci: OHCI PCI platform driver
[    1.697769] ohci-platform: OHCI generic platform driver
[    1.700593] uhci_hcd: USB Universal Host Controller Interface driver
[    1.704007] i8042: PNP: PS/2 Controller [PNP0303:PS2K,PNP0f03:PS2M] at 0x60,0x64 irq 1,12
[    1.709693] serio: i8042 KBD port at 0x60,0x64 irq 1
[    1.712462] serio: i8042 AUX port at 0x60,0x64 irq 12
[    1.715412] mousedev: PS/2 mouse device common for all mice
[    1.720119] input: AT Translated Set 2 keyboard as /devices/platform/i8042/serio0/input/input2
[    1.725799] rtc_cmos rtc_cmos: rtc core: registered rtc_cmos as rtc0
[    1.742495] rtc_cmos rtc_cmos: alarms up to one day, 114 bytes nvram
[    1.745927] i2c /dev entries driver
[    1.748014] device-mapper: uevent: version 1.0.3
[    1.750700] device-mapper: ioctl: 4.34.0-ioctl (2015-10-28) initialised: dm-devel@redhat.com
[    1.755479] ledtrig-cpu: registered to indicate activity on CPUs
[    1.769531] NET: Registered protocol family 10
[    1.772306] NET: Registered protocol family 17
[    1.774737] Key type dns_resolver registered
[    1.778342] registered taskstats version 1
[    1.780848] Loading compiled-in X.509 certificates
[    1.784347] Loaded X.509 cert 'Build time autogenerated kernel key: bff73e56bc0efa7435b2a24f5427674623f1be80'
[    1.789779] zswap: loaded using pool lzo/zbud
[    1.810116] Key type trusted registered
[    1.839923] Key type encrypted registered
[    1.842321] AppArmor: AppArmor sha1 policy hashing enabled
[    1.845683] ima: No TPM chip found, activating TPM-bypass!
[    1.848529] ima: Allocated hash algorithm: sha1
[    1.851078] evm: HMAC attrs: 0x1
[    1.853822]   Magic number: 7:837:835
[    1.856047] rtc_cmos rtc_cmos: setting system clock to 2019-02-24 12:50:57 UTC (1551012657)
[    1.861449] BIOS EDD facility v0.16 2004-Jun-25, 0 devices found
[    1.864699] EDD information not available.
[    1.872231] Freeing unused kernel memory: 1484K
[    1.884627] Write protecting the kernel read-only data: 14336k
[    1.904248] Freeing unused kernel memory: 1624K
[    1.907247] Freeing unused kernel memory: 92K
Loading, please wait...
starting version 229
[    2.124777] random: systemd-udevd: uninitialized urandom read (16 bytes read, 2 bits of entropy available)
[    2.132043] random: systemd-udevd: uninitialized urandom read (16 bytes read, 2 bits of entropy available)
[    2.134161] random: udevadm: uninitialized urandom read (16 bytes read, 2 bits of entropy available)
[    2.134256] random: udevadm: uninitialized urandom read (16 bytes read, 2 bits of entropy available)
[    2.148032] random: systemd-udevd: uninitialized urandom read (16 bytes read, 2 bits of entropy available)
[    2.153548] random: systemd-udevd: uninitialized urandom read (16 bytes read, 2 bits of entropy available)
[    2.182085] random: systemd-udevd: uninitialized urandom read (16 bytes read, 2 bits of entropy available)
[    2.187535] random: systemd-udevd: uninitialized urandom read (16 bytes read, 2 bits of entropy available)
[    2.194389] random: systemd-udevd: uninitialized urandom read (16 bytes read, 2 bits of entropy available)
[    2.203368] random: systemd-udevd: uninitialized urandom read (16 bytes read, 2 bits of entropy available)
[    2.516631] tsc: Refined TSC clocksource calibration: 3169.211 MHz
[    2.520088] clocksource: tsc: mask: 0xffffffffffffffff max_cycles: 0x2daeacc58ba, max_idle_ns: 440795311698 ns
[    2.552427] Fusion MPT base driver 3.04.20
[    2.555208] Copyright (c) 1999-2008 LSI Corporation
[    2.558969] e1000: Intel(R) PRO/1000 Network Driver - version 7.3.21-k8-NAPI
[    2.563242] e1000: Copyright (c) 1999-2006 Intel Corporation.
[    2.580968] Fusion MPT SPI Host driver 3.04.20
[    2.703859] input: ImExPS/2 Generic Explorer Mouse as /devices/platform/i8042/serio1/input/input4
[    3.042555] e1000 0000:00:03.0 eth0: (PCI:33MHz:32-bit) 02:47:ec:b6:72:35
[    3.044652] e1000 0000:00:03.0 eth0: Intel(R) PRO/1000 Network Connection
[    3.047870] mptbase: ioc0: Initiating bringup
[    3.052622] e1000 0000:00:03.0 enp0s3: renamed from eth0
[    3.236382] ioc0: LSI53C1030 A0: Capabilities={Initiator}
[    4.132481] scsi host2: ioc0: LSI53C1030 A0, FwRev=00000000h, Ports=1, MaxQ=256, IRQ=20
[    4.785213] scsi 2:0:0:0: Direct-Access     VBOX     HARDDISK         1.0  PQ: 0 ANSI: 5
[    4.787856] scsi target2:0:0: Beginning Domain Validation
[    4.822468] scsi target2:0:0: Domain Validation skipping write tests
[    4.834764] scsi target2:0:0: Ending Domain Validation
[    4.836408] scsi target2:0:0: asynchronous
[    4.855154] scsi 2:0:1:0: Direct-Access     VBOX     HARDDISK         1.0  PQ: 0 ANSI: 5
[    4.901750] scsi target2:0:1: Beginning Domain Validation
[    4.904517] scsi target2:0:1: Domain Validation skipping write tests
[    5.181290] scsi target2:0:1: Ending Domain Validation
[    5.651146] scsi target2:0:1: asynchronous
[    5.660307] sd 2:0:0:0: [sda] 20971520 512-byte logical blocks: (10.7 GB/10.0 GiB)
[    5.663198] sd 2:0:0:0: [sda] Write Protect is off
[    5.664034] sd 2:0:0:0: Attached scsi generic sg0 type 0
[    5.666588] sd 2:0:0:0: [sda] Incomplete mode parameter data
[    5.668423] sd 2:0:0:0: [sda] Assuming drive cache: write through
[    5.669740] sd 2:0:1:0: [sdb] 20480 512-byte logical blocks: (10.5 MB/10.0 MiB)
[    5.669969] sd 2:0:1:0: [sdb] Write Protect is off
[    5.670181] sd 2:0:1:0: [sdb] Incomplete mode parameter data
[    5.670182] sd 2:0:1:0: [sdb] Assuming drive cache: write through
[    5.677039] sd 2:0:1:0: Attached scsi generic sg1 type 0
[    5.688469] sd 2:0:1:0: [sdb] Attached SCSI disk
[    5.710268]  sda: sda1
[    5.712062] sd 2:0:0:0: [sda] Attached SCSI disk
Begin: Loading essential drivers ... [    8.053000] md: linear personality registered for level -1
[    8.081081] md: multipath personality registered for level -4
[    8.104739] md: raid0 personality registered for level 0
[    8.134023] md: raid1 personality registered for level 1
[    8.228573] raid6: sse2x1   gen()  4857 MB/s
[    8.296570] raid6: sse2x1   xor()  5048 MB/s
[    8.364636] raid6: sse2x2   gen()  5605 MB/s
[    8.432573] raid6: sse2x2   xor()  6206 MB/s
[    8.500624] raid6: sse2x4   gen()  9171 MB/s
[    8.568574] raid6: sse2x4   xor()  7227 MB/s
[    8.569956] raid6: using algorithm sse2x4 gen() 9171 MB/s
[    8.571608] raid6: .... xor() 7227 MB/s, rmw enabled
[    8.573144] raid6: using ssse3x2 recovery algorithm
[    8.578944] xor: measuring software checksum speed
[    8.633155]    prefetch64-sse: 28467.000 MB/sec
[    8.676812]    generic_sse: 18659.000 MB/sec
[    8.701168] xor: using function: prefetch64-sse (28467.000 MB/sec)
[    8.705220] async_tx: api initialized (async)
[    8.749828] md: raid6 personality registered for level 6
[    8.754821] md: raid5 personality registered for level 5
[    8.758544] md: raid4 personality registered for level 4
[    8.817440] md: raid10 personality registered for level 10
done.
Begin: Running /scripts/init-premount ... done.
Begin: Mounting root file system ... Begin: Running /scripts/local-top ... done.
Begin: Running /scripts/local-premount ... [    8.977393] Btrfs loaded
Scanning for Btrfs filesystems
done.
Warning: fsck not present, so skipping root file system
[    9.180637] EXT4-fs (sda1): mounted filesystem with ordered data mode. Opts: (null)
done.
Begin: Running /scripts/local-bottom ... done.
Begin: Running /scripts/init-bottom ... done.
[    9.915643] systemd[1]: systemd 229 running in system mode. (+PAM +AUDIT +SELINUX +IMA +APPARMOR +SMACK +SYSVINIT +UTMP +LIBCRYPTSETUP +GCRYPT +GNUTLS +ACL +XZ -LZ4 +SECCOMP +BLKID +ELFUTILS +KMOD -IDN)
[    9.921878] systemd[1]: Detected virtualization oracle.
[    9.923522] systemd[1]: Detected architecture x86-64.

Welcome to [1mUbuntu 16.04.5 LTS[0m!

[    9.971607] systemd[1]: Set hostname to <ubuntu>.
[    9.982800] systemd[1]: Initializing machine ID from random generator.
[    9.986248] systemd[1]: Installed transient /etc/machine-id file.
[   10.284117] random: nonblocking pool is initialized
[   11.000860] systemd[1]: Started Trigger resolvconf update for networkd DNS.
[[0;32m  OK  [0m] Started Trigger resolvconf update for networkd DNS.
[   11.104268] systemd[1]: Listening on LVM2 poll daemon socket.
[[0;32m  OK  [0m] Listening on LVM2 poll daemon socket.
[   11.151768] systemd[1]: Listening on /dev/initctl Compatibility Named Pipe.
[[0;32m  OK  [0m] Listening on /dev/initctl Compatibility Named Pipe.
[   11.194654] systemd[1]: Listening on udev Control Socket.
[[0;32m  OK  [0m] Listening on udev Control Socket.
[   11.245843] systemd[1]: Listening on Journal Socket (/dev/log).
[[0;32m  OK  [0m] Listening on Journal Socket (/dev/log).
[   11.250355] systemd[1]: Reached target System Time Synchronized.
[[0;32m  OK  [0m] Reached target System Time Synchronized.
[   11.254249] systemd[1]: Set up automount Arbitrary Executable File Formats File System Automount Point.
[[0;32m  OK  [0m] Set up automount Arbitrary Executab...ats File System Automount Point.
[   11.259097] systemd[1]: Reached target User and Group Name Lookups.
[[0;32m  OK  [0m] Reached target User and Group Name Lookups.
[   11.264327] systemd[1]: Listening on Device-mapper event daemon FIFOs.
[[0;32m  OK  [0m] Listening on Device-mapper event daemon FIFOs.
[   11.269205] systemd[1]: Created slice System Slice.
[[0;32m  OK  [0m] Created slice System Slice.
[   11.273254] systemd[1]: Created slice system-serial\x2dgetty.slice.
[[0;32m  OK  [0m] Created slice system-serial\x2dgetty.slice.
[   11.277016] systemd[1]: Listening on Journal Socket.
[[0;32m  OK  [0m] Listening on Journal Socket.
[   11.305628] systemd[1]: Starting Load Kernel Modules...
         Starting Load Kernel Modules...
[   11.342457] systemd[1]: Starting Uncomplicated firewall...
         Starting Uncomplicated firewall...
[   11.356554] systemd[1]: Starting Remount Root and Kernel File Systems...
         Starting Remount Root and Kernel File Systems...
[   11.392196] Loading iSCSI transport class v2.0-870.
[   11.413712] systemd[1]: Starting Set console keymap...
         Starting Set console keymap...
[   11.431386] systemd[1]: Mounting Debug File System...
         Mounting Debug File System...
[   11.451791] systemd[1]: Listening on Syslog Socket.
[[0;32m  OK  [0m] Listening on Syslog Socket.
[   11.466908] systemd[1]: Created slice User and Session Slice.
[[0;32m  OK  [0m] Created slice User and Session Slice.
[   11.480218] iscsi: registered transport (tcp)
[   11.483197] systemd[1]: Reached target Slices.
[   11.484143] EXT4-fs (sda1): re-mounted. Opts: (null)
[[0;32m  OK  [0m] Reached target Slices.
[   11.494307] systemd[1]: Listening on udev Kernel Socket.
[[0;32m  OK  [0m] Listening on udev Kernel Socket.
[   11.510175] systemd[1]: Started Forward Password Requests to Wall Directory Watch.
[[0;32m  OK  [0m] Started Forward Password Requests to Wall Directory Watch.
[   11.552503] systemd[1]: Starting Create list of required static device nodes for the current kernel...
         Starting Create list of required st... nodes for the current kernel...
[   11.573700] systemd[1]: Reached target Encrypted Volumes.
[[0;32m  OK  [0m] Reached target Encrypted Volumes.
[   11.582527] systemd[1]: Listening on Journal Audit Socket.
[[0;32m  OK  [0m] Listening on Journal Audit Socket.
[   11.608965] systemd[1]: Starting Journal Service...
         Starting Journal Service...
[   11.633765] systemd[1]: Mounting POSIX Message Queue File System...
         Mounting POSIX Message Queue File System...
[   11.655853] systemd[1]: Starting Nameserver information manager...
         Starting Nameserver information manager...
[   11.673515] systemd[1]: Listening on LVM2 metadata daemon socket.
[[0;32m  OK  [0m] Listening on LVM2 metadata daemon socket.
[   11.710822] systemd[1]: Starting Monitoring of LVM2 mirrors, snapshots etc. using dmeventd or progress polling...
         Starting Monitoring of LVM2 mirrors... dmeventd or progress polling...
[   11.745293] systemd[1]: Mounting Huge Pages File System...
         Mounting Huge Pages File System...
[   11.784184] systemd[1]: Reached target Swap.
[[0;32m  OK  [0m] Reached target Swap.
[   11.855380] systemd[1]: Mounted Huge Pages File System.
[[0;32m  OK  [0m] Mounted Huge Pages File System.
[   11.882785] systemd[1]: Mounted Debug File System.
[[0;32m  OK  [0m] Mounted Debug File System.
[   11.895548] systemd[1]: Mounted POSIX Message Queue File System.
[[0;32m  OK  [0m] Mounted POSIX Message Queue File System.
[   11.914630] systemd[1]: Started Uncomplicated firewall.
[[0;32m  OK  [0m] Started Uncomplicated firewall.
[   11.931470] systemd[1]: Started Remount Root and Kernel File Systems.
[[0;32m  OK  [0m] Started Remount Root and Kernel File Systems.
[   11.944626] iscsi: registered transport (iser)
[   11.952859] systemd[1]: Started Create list of required static device nodes for the current kernel.
[[0;32m  OK  [0m] Started Create list of required sta...ce nodes for the current kernel.
[   11.988315] systemd[1]: Started Load Kernel Modules.
[[0;32m  OK  [0m] Started Load Kernel Modules.
[   12.109353] systemd[1]: Started Journal Service.
[[0;32m  OK  [0m] Started Journal Service.
[[0;32m  OK  [0m] Started Set console keymap.
[[0;32m  OK  [0m] Started Nameserver information manager.
[[0;32m  OK  [0m] Started LVM2 metadata daemon.
         Starting Apply Kernel Variables...
         Mounting FUSE Control File System...
         Starting Create Static Device Nodes in /dev...
         Starting udev Coldplug all Devices...
         Starting Flush Journal to Persistent Storage...
         Starting Load/Save Random Seed...
[[0;32m  OK  [0m] Mounted FUSE Control File System.
[[0;32m  OK  [0m] Started Apply Kernel Variables.
[[0;32m  OK  [0m] Started Load/Save Random Seed.
[[0;32m  OK  [0m] Started Flush Journal to Persistent Storage.
[[0;32m  OK  [0m] Started Create Static Device Nodes in /dev.
[[0;32m  OK  [0m] Started Monitoring of LVM2 mirrors,...ng dmeventd or progress polling.
         Starting udev Kernel Device Manager...
[[0;32m  OK  [0m] Reached target Local File Systems (Pre).
[[0;32m  OK  [0m] Reached target Local File Systems.
         Starting Tell Plymouth To Write Out Runtime Data...
         Starting Create Volatile Files and Directories...
         Starting LSB: AppArmor initialization...
         Starting Commit a transient machine-id on disk...
         Starting Set console font and keymap...
         Starting Initial cloud-init job (pre-networking)...
[[0;32m  OK  [0m] Started Tell Plymouth To Write Out Runtime Data.
[[0;32m  OK  [0m] Started Commit a transient machine-id on disk.
[[0;32m  OK  [0m] Started Create Volatile Files and Directories.
         Starting Update UTMP about System Boot/Shutdown...
[[0;32m  OK  [0m] Started udev Kernel Device Manager.
[[0;32m  OK  [0m] Started Update UTMP about System Boot/Shutdown.
[[0;32m  OK  [0m] Started udev Coldplug all Devices.
[[0;32m  OK  [0m] Started Dispatch Password Requests to Console Directory Watch.
[[0;32m  OK  [0m] Found device /dev/ttyS0.
[[0;32m  OK  [0m] Listening on Load/Save RF Kill Switch Status /dev/rfkill Watch.
[[0;32m  OK  [0m] Started LSB: AppArmor initialization.
[   18.825614] [[0;32m  OK  [0m] Started Initial cloud-init job (pre-networking).
cloud-init[462]: Cloud-init v. 18.4-0ubuntu1~16.04.2 running 'init-local' at Sun, 24 Feb 2019 12:51:13 +0000. Up 16.95 seconds.
[[0;32m  OK  [0m] Reached target Network (Pre).
         Starting Raise network interfaces...
[[0;32m  OK  [0m] Started Set console font and keymap.
[[0;32m  OK  [0m] Created slice system-getty.slice.
[[0;32m  OK  [0m] Started Raise network interfaces.
[[0;32m  OK  [0m] Reached target Network.
         Starting Initial cloud-init job (metadata service crawler)...
[   25.355127] cloud-init[918]: Cloud-init v. 18.4-0ubuntu1~16.04.2 running 'init' at Sun, 24 Feb 2019 12:51:18 +0000. Up 22.57 seconds.
[   25.358798] cloud-init[918]: ci-info: ++++++++++++++++++++++++++++++++++++++Net device info++++++++++++++++++++++++++++++++++++++
[   25.499182] cloud-init[918]: ci-info: +--------+------+----------------------------+---------------+--------+-------------------+
[   25.502548] cloud-init[918]: ci-info: | Device |  Up  |          Address           |      Mask     | Scope  |     Hw-Address    |
[   25.541089] cloud-init[918]: ci-info: +--------+------+----------------------------+---------------+--------+-------------------+
[   25.547562] cloud-init[918]: ci-info: | enp0s3 | True |         10.0.2.15          | 255.255.255.0 | global | 02:47:ec:b6:72:35 |
[   25.559542] cloud-init[918]: ci-info: | enp0s3 | True | fe80::47:ecff:feb6:7235/64 |       .       |  link  | 02:47:ec:b6:72:35 |[[0;32m  OK  [0m] Started Initial cloud-init job (metadata service crawler).

[[0;32m  OK  [0m] Reached target Network is Online.[   25.576629] cloud-init[918]: ci-info: |   lo   | True |         127.0.0.1          |   255.0.0.0   |  host  |         .         |

[   25.594006] cloud-init[918]: ci-info: |   lo   | True |          ::1/128           |       .       |  host  |         .         |
[   25.641056] cloud-init[918]: ci-info: +--------+------+----------------------------+---------------+--------+-------------------+
[   25.659132] cloud-init[918]: ci-info: +++++++++++++++++++++++++++Route IPv4 info++++++++++++++++++++++++++++
[   25.667088] cloud-init[918]: ci-info: +-------+-------------+----------+---------------+-----------+-------+
[   25.675111] cloud-init[918]: ci-info: | Route | Destination | Gateway  |    Genmask    | Interface | Flags |
[   25.688919] cloud-init[918]: ci-info: +-------+-------------+----------+---------------+-----------+-------+
[   25.703318] cloud-init[918]: ci-info: |   0   |   0.0.0.0   | 10.0.2.2 |    0.0.0.0    |   enp0s3  |   UG  |
[   25.835610] cloud-init[918]: ci-info: |   1   |   10.0.2.0  | 0.0.0.0  | 255.255.255.0 |   enp0s3  |   U   |
         Starting iSCSI initiator daemon (iscsid)...
[[0;32m  OK  [0m] Reached target Cloud-config availability.
[[0;32m  OK  [0m] Reached target System Initialization.
[   25.866931] cloud-init[918]: ci-info: +-------+-------------+----------+---------------+-----------+-------+
[   25.926468] cloud-init[918]: ci-info: +++++++++++++++++++Route IPv6 info+++++++++++++++++++
[   25.933185] cloud-init[918]: ci-info: +-------+-------------+---------+-----------+-------+
[   25.936920] cloud-init[918]: ci-info: | Route | Destination | Gateway | Interface | Flags |
[   25.976775] cloud-init[918]: ci-info: +-------+-------------+---------+-----------+-------+
[[0;32m  OK  [0m] [   26.061236] cloud-init[918]: ci-info: |   0   |  fe80::/64  |    ::   |   enp0s3  |   U   |
[   26.069711] cloud-init[918]: ci-info: |   4   |   ff00::/8  |    ::   |   enp0s3  |   U   |
[   26.076074] cloud-init[918]: ci-info: +-------+-------------+---------+-----------+-------+
[   26.077524] cloud-init[918]: Generating public/private rsa key pair.
[   26.088929] cloud-init[918]: Your identification has been saved in /etc/ssh/ssh_host_rsa_key.
[   26.089205] cloud-init[918]: Your public key has been saved in /etc/ssh/ssh_host_rsa_key.pub.
[   26.089473] cloud-init[918]: The key fingerprint is:
[   26.089784] cloud-init[918]: SHA256:LY2vVCgA9rD9XgKOAxh4B3Bo/GP8ptsuvNV3JOlJXjY root@ubuntu-xenial
[   26.090049] cloud-init[918]: The key's randomart image is:
[   26.090311] cloud-init[918]: +---[RSA 2048]----+
[   26.090588] cloud-init[918]: |=o*.             |
[   26.090882] cloud-init[918]: |+*.*.            |
[   26.102840] cloud-init[918]: |+.+.=            |
[   26.103123] cloud-init[918]: | . B +   =.      |
[   26.103387] cloud-init[918]: |  + + + S++E     |
[   26.103675] cloud-init[918]: |   . +.+++* .    |
[   26.104036] cloud-init[918]: |  . o....=..     |
[   26.104320] cloud-init[918]: |   +o  ....      |
[   26.104589] cloud-init[918]: |   o=o  .        |
[   26.104851] cloud-init[918]: +----[SHA256]-----+
[   26.105406] cloud-init[918]: Generating public/private dsa key pair.
[   26.117310] cloud-init[918]: Your identification has been saved in /etc/ssh/ssh_host_dsa_key.
[   26.117551] cloud-init[918]: Your public key has been saved in /etc/ssh/ssh_host_dsa_key.pub.
[   26.117852] cloud-init[918]: The key fingerprint is:
[   26.120517] cloud-init[918]: SHA256:K5FLFysKUOKBQA4hutKPHSg+ZahMWPijpNVY0LZXiAg root@ubuntu-xenial
[   26.120748] cloud-init[918]: The key's randomart image is:
[   26.120980] cloud-init[918]: +---[DSA 1024]----+
[   26.121198] cloud-init[918]: |E=oo . .         |
[   26.121424] cloud-init[918]: |B+o.+ . .        |
[   26.121644] cloud-init[918]: |+o.... ..        |
[   26.121862] cloud-init[918]: |.*.=. .. o       |
[   26.122090] cloud-init[918]: |=+Ooo.= S        |
[   26.122306] cloud-init[918]: |O+o* + = .       |
[   26.122586] cloud-init[918]: |++. + o .        |
[   26.122805] cloud-init[918]: |  .    .         |
[   26.123021] cloud-init[918]: |                 |
[   26.123247] cloud-init[918]: +----[SHA256]-----+
[   26.123464] cloud-init[918]: Generating public/private ecdsa key pair.
[   26.123682] cloud-init[918]: Your identification has been saved in /etc/ssh/ssh_host_ecdsa_key.
[   26.123910] cloud-init[918]: Your public key has been saved in /etc/ssh/ssh_host_ecdsa_key.pub.
[   26.124128] cloud-init[918]: The key fingerprint is:
Started ACPI Events Check.
[[   26.128808] cloud-init[918]: SHA256:PwF6eAnx1MyrgIJC2qF/afVfYAgp/gcQF1W01/IPVi4 root@ubuntu-xenial
[0;32m  OK  [0m[   26.298799] cloud-init[918]: The key's randomart image is:
] [   26.303659] cloud-init[918]: +---[ECDSA 256]---+
[   26.316843] cloud-init[918]: |    ..++o*o      |
[   26.317066] cloud-init[918]: | .. o.o+  +. .   |
[   26.318067] cloud-init[918]: |o+ o +..o...o . .|
[   26.320341] cloud-init[918]: |= o o ++.o+. o o |
[   26.320557] cloud-init[918]: |.. . +o+So..  E .|
[   26.320771] cloud-init[918]: |  . + .o+. ... + |
[   26.320983] cloud-init[918]: |   o   . .o.    .|
[   26.321196] cloud-init[918]: |          ..     |
[   26.321412] cloud-init[918]: |                 |
[   26.321683] cloud-init[918]: +----[SHA256]-----+
[   26.321896] cloud-init[918]: Generating public/private ed25519 key pair.
[   26.322109] cloud-init[918]: Your identification has been saved in /etc/ssh/ssh_host_ed25519_key.
[   26.322322] cloud-init[918]: Your public key has been saved in /etc/ssh/ssh_host_ed25519_key.pub.
[   26.322534] cloud-init[918]: The key fingerprint is:
[   26.322746] cloud-init[918]: SHA256:vYc2V7hzfHwL0TGhW5xU4jwRqA1Uso9rbmcb6/AkPj0 root@ubuntu-xenial
[   26.322960] cloud-init[918]: The key's randomart image is:
[   26.323170] cloud-init[918]: +--[ED25519 256]--+
[   26.323382] cloud-init[918]: |         .o...++o|
[   26.336280] cloud-init[918]: |          .o.o+oo|
[   26.336692] cloud-init[918]: |          .+ .+* |
[   26.336910] cloud-init[918]: |         ..o..+.o|
[   26.337185] cloud-init[918]: |        S o oo.. |
[   26.337461] cloud-init[918]: |           + +.. |
[   26.337681] cloud-init[918]: |          X.B.o +|
[   26.338183] cloud-init[918]: |         =oOE=..o|
[   26.345132] cloud-init[918]: |         .o==o . |
[   26.353211] cloud-init[918]: +----[SHA256]-----+
Reached target Paths.
         Starting LXD - unix socket.
         Starting Socket activation for snappy daemon.
[[0;32m  OK  [0m] Listening on ACPID Listen Socket.
[[0;32m  OK  [0m] Listening on D-Bus System Message Bus Socket.
[[0;32m  OK  [0m] Started Daily apt download activities.
[[0;32m  OK  [0m] Listening on UUID daemon activation socket.
[[0;32m  OK  [0m] Started Daily Cleanup of Temporary Directories.
[[0;32m  OK  [0m] Started Daily apt upgrade and clean activities.
[[0;32m  OK  [0m] Reached target Timers.
[[0;32m  OK  [0m] Listening on LXD - unix socket.
[[0;32m  OK  [0m] Listening on Socket activation for snappy daemon.
[[0;32m  OK  [0m] Started iSCSI initiator daemon (iscsid).
         Starting Login to default iSCSI targets...
[[0;32m  OK  [0m] Reached target Sockets.
[[0;32m  OK  [0m] Reached target Basic System.
         Starting Pollinate to seed the pseudo random number generator...
         Starting LSB: MD monitoring daemon...
[[0;32m  OK  [0m] Started D-Bus System Message Bus.
         Starting System Logging Service...
[[0;32m  OK  [0m] Started Unattended Upgrades Shutdown.
         Starting Accounts Service...
[[0;32m  OK  [0m] Started Deferred execution scheduler.
         Starting Virtualbox guest utils...
[[0;32m  OK  [0m] Started FUSE filesystem for LXC.
         Starting LSB: Record successful boot for GRUB...
         Starting /etc/rc.local Compatibility...
[[0;32m  OK  [0m] Started ACPI event daemon.
[[0;32m  OK  [0m] Started Regular background program processing daemon.
         Starting Login Service...
         Starting Snappy daemon...
         Starting LXD - container startup/shutdown...
[[0;32m  OK  [0m] Started System Logging Service.
[[0;32m  OK  [0m] Started /etc/rc.local Compatibility.
[[0;32m  OK  [0m] Started Login Service.
         Starting Authenticate and Authorize Users to Run Privileged Tasks...
[[0;32m  OK  [0m] Started Login to default iSCSI targets.
[[0;32m  OK  [0m] Reached target Remote File Systems (Pre).
[[0;32m  OK  [0m] Reached target Remote File Systems.
         Starting LSB: automatic crash report generation...
         Starting LSB: Set the CPU Frequency Scaling governor to "ondemand"...
         Starting Permit User Sessions...
         Starting LSB: daemon to balance interrupts for SMP systems...
[[0;32m  OK  [0m] Started LSB: Record successful boot for GRUB.
[[0;32m  OK  [0m] Started LSB: MD monitoring daemon.
[[0;32m  OK  [0m] Started Permit User Sessions.
         Starting Terminate Plymouth Boot Screen...
         Starting Hold until boot process finishes up...
[[0;32m  OK  [0m] Started Authenticate and Authorize Users to Run Privileged Tasks.
[[0;32m  OK  [0m] Started Hold until boot process finishes up.
[[0;32m  OK  [0m] Started Terminate Plymouth Boot Screen.
[[0;32m  OK  [0m] Started Accounts Service.
[[0;32m  OK  [0m] Started Serial Getty on ttyS0.
         Starting Set console scheme...
[[0;32m  OK  [0m] Started Getty on tty1.
[[0;32m  OK  [0m] Reached target Login Prompts.
[[0;32m  OK  [0m] Started LXD - container startup/shutdown.
[[0;32m  OK  [0m] Started Set console scheme.
[[0;32m  OK  [0m] Started LSB: Set the CPU Frequency Scaling governor to "ondemand".
[[0;32m  OK  [0m] Started LSB: daemon to balance interrupts for SMP systems.
[[0;32m  OK  [0m] Started Virtualbox guest utils.
[[0;32m  OK  [0m] Started LSB: automatic crash report generation.
[[0;32m  OK  [0m] Started Pollinate to seed the pseudo random number generator.
         Starting OpenBSD Secure Shell server...
[[0;32m  OK  [0m] Started Snappy daemon.
         Starting Wait until snapd is fully seeded...
[[0;32m  OK  [0m] Started OpenBSD Secure Shell server.
[[0;32m  OK  [0m] Created slice User Slice of vagrant.
         Starting User Manager for UID 1000...
[[0;32m  OK  [0m] Started Wait until snapd is fully seeded.
[[0;32m  OK  [0m] Started Session 1 of user vagrant.
[[0;32m  OK  [0m] Reached target Multi-User System.
[[0;32m  OK  [0m] Reached target Graphical Interface.
         Starting Update UTMP about System Runlevel Changes...
         Starting Apply the settings specified in cloud-config...
[[0;32m  OK  [0m] Started Update UTMP about System Runlevel Changes.
[[0;32m  OK  [0m] Started User Manager for UID 1000.
[   34.848131] cloud-init[1273]: Generating locales (this might take a while)...

Ubuntu 16.04.5 LTS ubuntu-xenial ttyS0

ubuntu-xenial login: [   38.379810] cloud-init[1273]:   en_US.UTF-8... done
[   38.395435] cloud-init[1273]: Generation complete.
[   40.002919] cloud-init[1273]: Cloud-init v. 18.4-0ubuntu1~16.04.2 running 'modules:config' at Sun, 24 Feb 2019 12:51:30 +0000. Up 34.17 seconds.
ci-info: no authorized ssh keys fingerprints found for user ubuntu.
<14>Feb 24 12:51:37 ec2: 
<14>Feb 24 12:51:37 ec2: #############################################################
<14>Feb 24 12:51:37 ec2: -----BEGIN SSH HOST KEY FINGERPRINTS-----
<14>Feb 24 12:51:37 ec2: 1024 SHA256:K5FLFysKUOKBQA4hutKPHSg+ZahMWPijpNVY0LZXiAg root@ubuntu-xenial (DSA)
<14>Feb 24 12:51:37 ec2: 256 SHA256:PwF6eAnx1MyrgIJC2qF/afVfYAgp/gcQF1W01/IPVi4 root@ubuntu-xenial (ECDSA)
<14>Feb 24 12:51:37 ec2: 256 SHA256:vYc2V7hzfHwL0TGhW5xU4jwRqA1Uso9rbmcb6/AkPj0 root@ubuntu-xenial (ED25519)
<14>Feb 24 12:51:37 ec2: 2048 SHA256:LY2vVCgA9rD9XgKOAxh4B3Bo/GP8ptsuvNV3JOlJXjY root@ubuntu-xenial (RSA)
<14>Feb 24 12:51:37 ec2: -----END SSH HOST KEY FINGERPRINTS-----
<14>Feb 24 12:51:37 ec2: #############################################################
-----BEGIN SSH HOST KEY KEYS-----
ecdsa-sha2-nistp256 AAAAE2VjZHNhLXNoYTItbmlzdHAyNTYAAAAIbmlzdHAyNTYAAABBBF0gGbdSN8f73cUekpp1Qzu1xq8v4TrRKiHYaSfJyZzKDdr9L5ujsKUD6RtJVLZL4Nn3XjLSKDsR6A3Xyr69TYg= root@ubuntu-xenial
ssh-ed25519 AAAAC3NzaC1lZDI1NTE5AAAAIL/61whhABp/pEirDBaVgynnx9dzIkhPNaXbXEWbT/EC root@ubuntu-xenial
ssh-rsa AAAAB3NzaC1yc2EAAAADAQABAAABAQCyvyJBG5cK19dOF47LZDI+LBUAYDw/POMVLeY7EU0bjy47ucxGiTVKCK1MCs80sjpdvt30MJ44HfMkqhccm6pNCupOTMJnJdPtqCUxs5okheSeozIKLttmxCB+7pCNFUiyU9bRLfk44/vqROSlK0ZK+CyYwWT3hN1fGLYvwzeNZyK2n+LWO1b+SmBVQKM8iIiQcExlTo1bCKPfM8Gq3Yte35IAZ3SreX1Hhg3YnI7NAGSeIXwKi64V20GYzrFUEtu6Hp06TtpwzNQ1sCQ7pepUZUKwsFRRtraSTu8mqczhWhabO/S2pn9jPWqzvwJQcZ5PnKJGhRofSwf/SwFzV6d9 root@ubuntu-xenial
-----END SSH HOST KEY KEYS-----
[   41.696969] cloud-init[1464]: Cloud-init v. 18.4-0ubuntu1~16.04.2 running 'modules:final' at Sun, 24 Feb 2019 12:51:37 +0000. Up 41.05 seconds.
[   41.721915] cloud-init[1464]: ci-info: no authorized ssh keys fingerprints found for user ubuntu.
[   41.726160] cloud-init[1464]: Cloud-init v. 18.4-0ubuntu1~16.04.2 finished at Sun, 24 Feb 2019 12:51:37 +0000. Datasource DataSourceNoCloud [seed=/dev/sdb][dsmode=net].  Up 41.65 seconds
